2023-10-10 09:27:58 [main] DEBUG org.springframework.context.support.AbstractApplicationContext - Refreshing org.springframework.context.annotation.AnnotationConfigApplicationContext@dc55e19d
2023-10-10 09:27:58 [main] DEBUG org.springframework.beans.factory.support.DefaultSingletonBeanRegistry - Creating shared instance of singleton bean 'org.springframework.context.annotation.internalConfigurationAnnotationProcessor'
2023-10-10 09:27:58 [main] WARN org.springframework.context.support.AbstractApplicationContext - Exception encountered during context initialization - cancelling refresh attempt: org.springframework.beans.factory.BeanDefinitionStoreException: Failed to parse configuration class [org.example.config.AppConfig]; nested exception is java.io.FileNotFoundException: class path resource [resources:jdbc.properties] cannot be opened because it does not exist
2023-10-10 09:29:16 [main] DEBUG org.springframework.context.support.AbstractApplicationContext - Refreshing org.springframework.context.annotation.AnnotationConfigApplicationContext@316b982
2023-10-10 09:29:16 [main] DEBUG org.springframework.beans.factory.support.DefaultSingletonBeanRegistry - Creating shared instance of singleton bean 'org.springframework.context.annotation.internalConfigurationAnnotationProcessor'
2023-10-10 09:29:16 [main] DEBUG org.springframework.beans.factory.support.DefaultSingletonBeanRegistry - Creating shared instance of singleton bean 'org.springframework.context.event.internalEventListenerProcessor'
2023-10-10 09:29:16 [main] DEBUG org.springframework.beans.factory.support.DefaultSingletonBeanRegistry - Creating shared instance of singleton bean 'org.springframework.context.event.internalEventListenerFactory'
2023-10-10 09:29:16 [main] DEBUG org.springframework.beans.factory.support.DefaultSingletonBeanRegistry - Creating shared instance of singleton bean 'org.springframework.context.annotation.internalAutowiredAnnotationProcessor'
2023-10-10 09:29:16 [main] DEBUG org.springframework.beans.factory.support.DefaultSingletonBeanRegistry - Creating shared instance of singleton bean 'org.springframework.context.annotation.internalCommonAnnotationProcessor'
2023-10-10 09:29:16 [main] DEBUG org.springframework.beans.factory.support.DefaultSingletonBeanRegistry - Creating shared instance of singleton bean 'appConfig'
2023-10-10 09:29:16 [main] DEBUG org.springframework.core.env.PropertySourcesPropertyResolver - Found key 'jdbc.driver' in PropertySource 'class path resource [jdbc.properties]' with value of type String
2023-10-10 09:29:16 [main] DEBUG org.springframework.core.env.PropertySourcesPropertyResolver - Found key 'jdbc.url' in PropertySource 'class path resource [jdbc.properties]' with value of type String
2023-10-10 09:29:16 [main] DEBUG org.springframework.core.env.PropertySourcesPropertyResolver - Found key 'jdbc.username' in PropertySource 'class path resource [jdbc.properties]' with value of type String
2023-10-10 09:29:16 [main] DEBUG org.springframework.core.env.PropertySourcesPropertyResolver - Found key 'jdbc.password' in PropertySource 'class path resource [jdbc.properties]' with value of type String
2023-10-10 09:29:16 [main] DEBUG org.springframework.beans.factory.support.DefaultSingletonBeanRegistry - Creating shared instance of singleton bean 'connection'
2023-10-10 09:29:16 [main] DEBUG org.example.config.AppConfig - com.mysql.cj.jdbc.Driver
2023-10-10 09:29:16 [main] DEBUG org.example.config.AppConfig - jdbc:mysql://www:3306/lldwb
2023-10-10 09:29:16 [main] DEBUG org.example.config.AppConfig - lldwb
2023-10-10 09:29:16 [main] DEBUG org.example.config.AppConfig - 2FANEiC2nAynZtyt
2023-10-10 09:29:16 [main] WARN org.springframework.context.support.AbstractApplicationContext - Exception encountered during context initialization - cancelling refresh attempt: org.springframework.beans.factory.BeanCreationException: Error creating bean with name 'connection' defined in org.example.config.AppConfig: Bean instantiation via factory method failed; nested exception is org.springframework.beans.BeanInstantiationException: Failed to instantiate [java.sql.Connection]: Factory method 'connection' threw exception; nested exception is java.lang.RuntimeException: java.sql.SQLException: No suitable driver found for jdbc:mysql://www:3306/lldwb
2023-10-10 09:31:49 [main] DEBUG org.springframework.context.support.AbstractApplicationContext - Refreshing org.springframework.context.annotation.AnnotationConfigApplicationContext@67089d20
2023-10-10 09:31:49 [main] DEBUG org.springframework.beans.factory.support.DefaultSingletonBeanRegistry - Creating shared instance of singleton bean 'org.springframework.context.annotation.internalConfigurationAnnotationProcessor'
2023-10-10 09:31:49 [main] DEBUG org.springframework.beans.factory.support.DefaultSingletonBeanRegistry - Creating shared instance of singleton bean 'org.springframework.context.event.internalEventListenerProcessor'
2023-10-10 09:31:49 [main] DEBUG org.springframework.beans.factory.support.DefaultSingletonBeanRegistry - Creating shared instance of singleton bean 'org.springframework.context.event.internalEventListenerFactory'
2023-10-10 09:31:49 [main] DEBUG org.springframework.beans.factory.support.DefaultSingletonBeanRegistry - Creating shared instance of singleton bean 'org.springframework.context.annotation.internalAutowiredAnnotationProcessor'
2023-10-10 09:31:49 [main] DEBUG org.springframework.beans.factory.support.DefaultSingletonBeanRegistry - Creating shared instance of singleton bean 'org.springframework.context.annotation.internalCommonAnnotationProcessor'
2023-10-10 09:31:49 [main] DEBUG org.springframework.beans.factory.support.DefaultSingletonBeanRegistry - Creating shared instance of singleton bean 'appConfig'
2023-10-10 09:31:49 [main] DEBUG org.springframework.core.env.PropertySourcesPropertyResolver - Found key 'jdbc.driver' in PropertySource 'class path resource [jdbc.properties]' with value of type String
2023-10-10 09:31:49 [main] DEBUG org.springframework.core.env.PropertySourcesPropertyResolver - Found key 'jdbc.url' in PropertySource 'class path resource [jdbc.properties]' with value of type String
2023-10-10 09:31:49 [main] DEBUG org.springframework.core.env.PropertySourcesPropertyResolver - Found key 'jdbc.username' in PropertySource 'class path resource [jdbc.properties]' with value of type String
2023-10-10 09:31:49 [main] DEBUG org.springframework.core.env.PropertySourcesPropertyResolver - Found key 'jdbc.password' in PropertySource 'class path resource [jdbc.properties]' with value of type String
2023-10-10 09:31:49 [main] DEBUG org.springframework.beans.factory.support.DefaultSingletonBeanRegistry - Creating shared instance of singleton bean 'connection'
2023-10-10 09:31:49 [main] DEBUG org.example.config.AppConfig - com.mysql.cj.jdbc.Driver
2023-10-10 09:31:49 [main] DEBUG org.example.config.AppConfig - jdbc:mysql://www:3306/lldwb
2023-10-10 09:31:49 [main] DEBUG org.example.config.AppConfig - lldwb
2023-10-10 09:31:49 [main] DEBUG org.example.config.AppConfig - 2FANEiC2nAynZtyt
2023-10-10 09:32:12 [main] DEBUG org.springframework.context.support.AbstractApplicationContext - Refreshing org.springframework.context.annotation.AnnotationConfigApplicationContext@d8be9444
2023-10-10 09:32:12 [main] DEBUG org.springframework.beans.factory.support.DefaultSingletonBeanRegistry - Creating shared instance of singleton bean 'org.springframework.context.annotation.internalConfigurationAnnotationProcessor'
2023-10-10 09:32:12 [main] DEBUG org.springframework.beans.factory.support.DefaultSingletonBeanRegistry - Creating shared instance of singleton bean 'org.springframework.context.event.internalEventListenerProcessor'
2023-10-10 09:32:12 [main] DEBUG org.springframework.beans.factory.support.DefaultSingletonBeanRegistry - Creating shared instance of singleton bean 'org.springframework.context.event.internalEventListenerFactory'
2023-10-10 09:32:12 [main] DEBUG org.springframework.beans.factory.support.DefaultSingletonBeanRegistry - Creating shared instance of singleton bean 'org.springframework.context.annotation.internalAutowiredAnnotationProcessor'
2023-10-10 09:32:12 [main] DEBUG org.springframework.beans.factory.support.DefaultSingletonBeanRegistry - Creating shared instance of singleton bean 'org.springframework.context.annotation.internalCommonAnnotationProcessor'
2023-10-10 09:32:12 [main] DEBUG org.springframework.beans.factory.support.DefaultSingletonBeanRegistry - Creating shared instance of singleton bean 'appConfig'
2023-10-10 09:32:12 [main] DEBUG org.springframework.core.env.PropertySourcesPropertyResolver - Found key 'jdbc.driver' in PropertySource 'class path resource [jdbc.properties]' with value of type String
2023-10-10 09:32:12 [main] DEBUG org.springframework.core.env.PropertySourcesPropertyResolver - Found key 'jdbc.url' in PropertySource 'class path resource [jdbc.properties]' with value of type String
2023-10-10 09:32:12 [main] DEBUG org.springframework.core.env.PropertySourcesPropertyResolver - Found key 'jdbc.username' in PropertySource 'class path resource [jdbc.properties]' with value of type String
2023-10-10 09:32:12 [main] DEBUG org.springframework.core.env.PropertySourcesPropertyResolver - Found key 'jdbc.password' in PropertySource 'class path resource [jdbc.properties]' with value of type String
2023-10-10 09:32:12 [main] DEBUG org.springframework.beans.factory.support.DefaultSingletonBeanRegistry - Creating shared instance of singleton bean 'connection'
2023-10-10 09:32:12 [main] DEBUG org.example.config.AppConfig - com.mysql.cj.jdbc.Driver
2023-10-10 09:32:12 [main] DEBUG org.example.config.AppConfig - jdbc:mysql://www:3306/lldwb
2023-10-10 09:32:12 [main] DEBUG org.example.config.AppConfig - lldwb
2023-10-10 09:32:12 [main] DEBUG org.example.config.AppConfig - 2FANEiC2nAynZtyt
