2023-10-12 09:33:16 [main] INFO org.example.invocation.ext.AgencyHandlerExt - 调用前：User
2023-10-12 09:33:16 [main] INFO org.example.User - user
2023-10-12 09:33:16 [main] INFO org.example.invocation.ext.AgencyHandlerExt - 调用前：User
2023-10-12 09:33:16 [main] INFO org.example.invocation.ext.AgencyHandlerExt - 调用前：UserServiceImpl
2023-10-12 09:33:16 [main] DEBUG org.example.service.impl.UserServiceImpl - 添加用户org.example.service.impl.UserServiceImpl@5b7f3ea9
2023-10-12 09:33:16 [main] DEBUG org.example.service.impl.UserServiceImpl - 添加用户org.example.service.impl.UserServiceImpl@5b7f3ea9
2023-10-12 09:33:16 [main] INFO org.example.invocation.ext.AgencyHandlerExt - 调用前：UserServiceImpl
2023-10-12 10:17:03 [main] DEBUG org.springframework.context.support.AbstractApplicationContext - Refreshing org.springframework.context.annotation.AnnotationConfigApplicationContext@8dd06a29
2023-10-12 10:17:03 [main] DEBUG org.springframework.beans.factory.support.DefaultSingletonBeanRegistry - Creating shared instance of singleton bean 'org.springframework.context.annotation.internalConfigurationAnnotationProcessor'
2023-10-12 10:17:03 [main] DEBUG org.springframework.context.annotation.ClassPathScanningCandidateComponentProvider - Identified candidate component class: file [D:\学习\Java\IDE项目\Spring-study\ch18\target\classes\org\example\User.class]
2023-10-12 10:17:03 [main] DEBUG org.springframework.context.annotation.ClassPathScanningCandidateComponentProvider - Identified candidate component class: file [D:\学习\Java\IDE项目\Spring-study\ch18\target\classes\org\example\aop\UserAspect.class]
2023-10-12 10:17:03 [main] DEBUG org.springframework.beans.factory.support.DefaultSingletonBeanRegistry - Creating shared instance of singleton bean 'org.springframework.context.event.internalEventListenerProcessor'
2023-10-12 10:17:03 [main] DEBUG org.springframework.beans.factory.support.DefaultSingletonBeanRegistry - Creating shared instance of singleton bean 'org.springframework.context.event.internalEventListenerFactory'
2023-10-12 10:17:03 [main] DEBUG org.springframework.beans.factory.support.DefaultSingletonBeanRegistry - Creating shared instance of singleton bean 'org.springframework.context.annotation.internalAutowiredAnnotationProcessor'
2023-10-12 10:17:03 [main] DEBUG org.springframework.beans.factory.support.DefaultSingletonBeanRegistry - Creating shared instance of singleton bean 'org.springframework.context.annotation.internalCommonAnnotationProcessor'
2023-10-12 10:17:03 [main] DEBUG org.springframework.beans.factory.support.DefaultSingletonBeanRegistry - Creating shared instance of singleton bean 'appConfig'
2023-10-12 10:17:03 [main] DEBUG org.springframework.beans.factory.support.DefaultSingletonBeanRegistry - Creating shared instance of singleton bean 'user'
2023-10-12 10:17:03 [main] DEBUG org.springframework.beans.factory.support.DefaultSingletonBeanRegistry - Creating shared instance of singleton bean 'userAspect'
2023-10-12 10:17:03 [main] DEBUG org.springframework.beans.factory.support.DefaultSingletonBeanRegistry - Creating shared instance of singleton bean 'userProxy'
2023-10-12 10:17:03 [main] DEBUG org.springframework.beans.factory.support.ConstructorResolver - Autowiring by type from bean name 'userProxy' via factory method to bean named 'user'
2023-10-12 10:17:28 [main] DEBUG org.springframework.context.support.AbstractApplicationContext - Refreshing org.springframework.context.annotation.AnnotationConfigApplicationContext@1c395005
2023-10-12 10:17:28 [main] DEBUG org.springframework.beans.factory.support.DefaultSingletonBeanRegistry - Creating shared instance of singleton bean 'org.springframework.context.annotation.internalConfigurationAnnotationProcessor'
2023-10-12 10:17:28 [main] DEBUG org.springframework.context.annotation.ClassPathScanningCandidateComponentProvider - Identified candidate component class: file [D:\学习\Java\IDE项目\Spring-study\ch18\target\classes\org\example\User.class]
2023-10-12 10:17:28 [main] DEBUG org.springframework.context.annotation.ClassPathScanningCandidateComponentProvider - Identified candidate component class: file [D:\学习\Java\IDE项目\Spring-study\ch18\target\classes\org\example\aop\UserAspect.class]
2023-10-12 10:17:28 [main] DEBUG org.springframework.beans.factory.support.DefaultSingletonBeanRegistry - Creating shared instance of singleton bean 'org.springframework.context.event.internalEventListenerProcessor'
2023-10-12 10:17:28 [main] DEBUG org.springframework.beans.factory.support.DefaultSingletonBeanRegistry - Creating shared instance of singleton bean 'org.springframework.context.event.internalEventListenerFactory'
2023-10-12 10:17:28 [main] DEBUG org.springframework.beans.factory.support.DefaultSingletonBeanRegistry - Creating shared instance of singleton bean 'org.springframework.context.annotation.internalAutowiredAnnotationProcessor'
2023-10-12 10:17:28 [main] DEBUG org.springframework.beans.factory.support.DefaultSingletonBeanRegistry - Creating shared instance of singleton bean 'org.springframework.context.annotation.internalCommonAnnotationProcessor'
2023-10-12 10:17:28 [main] DEBUG org.springframework.beans.factory.support.DefaultSingletonBeanRegistry - Creating shared instance of singleton bean 'appConfig'
2023-10-12 10:17:28 [main] DEBUG org.springframework.beans.factory.support.DefaultSingletonBeanRegistry - Creating shared instance of singleton bean 'user'
2023-10-12 10:17:28 [main] DEBUG org.springframework.beans.factory.support.DefaultSingletonBeanRegistry - Creating shared instance of singleton bean 'userAspect'
2023-10-12 10:17:28 [main] DEBUG org.springframework.beans.factory.support.DefaultSingletonBeanRegistry - Creating shared instance of singleton bean 'userProxy'
2023-10-12 10:17:28 [main] DEBUG org.springframework.beans.factory.support.ConstructorResolver - Autowiring by type from bean name 'userProxy' via factory method to bean named 'user'
2023-10-12 10:32:55 [main] DEBUG org.springframework.context.support.AbstractApplicationContext - Refreshing org.springframework.context.annotation.AnnotationConfigApplicationContext@8f594f84
2023-10-12 10:32:55 [main] DEBUG org.springframework.beans.factory.support.DefaultSingletonBeanRegistry - Creating shared instance of singleton bean 'org.springframework.context.annotation.internalConfigurationAnnotationProcessor'
2023-10-12 10:32:55 [main] DEBUG org.springframework.context.annotation.ClassPathScanningCandidateComponentProvider - Identified candidate component class: file [D:\学习\Java\IDE项目\Spring-study\ch18\target\classes\org\example\User.class]
2023-10-12 10:32:55 [main] DEBUG org.springframework.context.annotation.ClassPathScanningCandidateComponentProvider - Identified candidate component class: file [D:\学习\Java\IDE项目\Spring-study\ch18\target\classes\org\example\aop\UserAspect.class]
2023-10-12 10:32:55 [main] DEBUG org.springframework.beans.factory.support.DefaultSingletonBeanRegistry - Creating shared instance of singleton bean 'org.springframework.context.event.internalEventListenerProcessor'
2023-10-12 10:32:55 [main] DEBUG org.springframework.beans.factory.support.DefaultSingletonBeanRegistry - Creating shared instance of singleton bean 'org.springframework.context.event.internalEventListenerFactory'
2023-10-12 10:32:55 [main] DEBUG org.springframework.beans.factory.support.DefaultSingletonBeanRegistry - Creating shared instance of singleton bean 'org.springframework.context.annotation.internalAutowiredAnnotationProcessor'
2023-10-12 10:32:55 [main] DEBUG org.springframework.beans.factory.support.DefaultSingletonBeanRegistry - Creating shared instance of singleton bean 'org.springframework.context.annotation.internalCommonAnnotationProcessor'
2023-10-12 10:32:55 [main] DEBUG org.springframework.beans.factory.support.DefaultSingletonBeanRegistry - Creating shared instance of singleton bean 'appConfig'
2023-10-12 10:32:55 [main] DEBUG org.springframework.beans.factory.support.DefaultSingletonBeanRegistry - Creating shared instance of singleton bean 'user'
2023-10-12 10:32:55 [main] DEBUG org.springframework.beans.factory.support.DefaultSingletonBeanRegistry - Creating shared instance of singleton bean 'userAspect'
2023-10-12 10:32:55 [main] DEBUG org.springframework.beans.factory.support.DefaultSingletonBeanRegistry - Creating shared instance of singleton bean 'userProxy'
2023-10-12 10:32:55 [main] DEBUG org.springframework.beans.factory.support.ConstructorResolver - Autowiring by type from bean name 'userProxy' via factory method to bean named 'user'
2023-10-12 10:34:00 [main] DEBUG org.springframework.context.support.AbstractApplicationContext - Refreshing org.springframework.context.annotation.AnnotationConfigApplicationContext@81ee0db2
2023-10-12 10:34:00 [main] DEBUG org.springframework.beans.factory.support.DefaultSingletonBeanRegistry - Creating shared instance of singleton bean 'org.springframework.context.annotation.internalConfigurationAnnotationProcessor'
2023-10-12 10:34:00 [main] DEBUG org.springframework.context.annotation.ClassPathScanningCandidateComponentProvider - Identified candidate component class: file [D:\学习\Java\IDE项目\Spring-study\ch18\target\classes\org\example\User.class]
2023-10-12 10:34:00 [main] DEBUG org.springframework.context.annotation.ClassPathScanningCandidateComponentProvider - Identified candidate component class: file [D:\学习\Java\IDE项目\Spring-study\ch18\target\classes\org\example\aop\UserAspect.class]
2023-10-12 10:34:00 [main] DEBUG org.springframework.beans.factory.support.DefaultSingletonBeanRegistry - Creating shared instance of singleton bean 'org.springframework.context.event.internalEventListenerProcessor'
2023-10-12 10:34:00 [main] DEBUG org.springframework.beans.factory.support.DefaultSingletonBeanRegistry - Creating shared instance of singleton bean 'org.springframework.context.event.internalEventListenerFactory'
2023-10-12 10:34:00 [main] DEBUG org.springframework.beans.factory.support.DefaultSingletonBeanRegistry - Creating shared instance of singleton bean 'org.springframework.context.annotation.internalAutowiredAnnotationProcessor'
2023-10-12 10:34:00 [main] DEBUG org.springframework.beans.factory.support.DefaultSingletonBeanRegistry - Creating shared instance of singleton bean 'org.springframework.context.annotation.internalCommonAnnotationProcessor'
2023-10-12 10:34:00 [main] DEBUG org.springframework.beans.factory.support.DefaultSingletonBeanRegistry - Creating shared instance of singleton bean 'appConfig'
2023-10-12 10:34:00 [main] DEBUG org.springframework.beans.factory.support.DefaultSingletonBeanRegistry - Creating shared instance of singleton bean 'user'
2023-10-12 10:34:00 [main] DEBUG org.springframework.beans.factory.support.DefaultSingletonBeanRegistry - Creating shared instance of singleton bean 'userAspect'
2023-10-12 10:34:00 [main] DEBUG org.springframework.beans.factory.support.DefaultSingletonBeanRegistry - Creating shared instance of singleton bean 'userProxy'
2023-10-12 11:03:15 [main] DEBUG org.springframework.context.support.AbstractApplicationContext - Refreshing org.springframework.context.support.ClassPathXmlApplicationContext@56e31e02
2023-10-12 11:03:15 [main] DEBUG org.springframework.beans.factory.xml.XmlBeanDefinitionReader - Loaded 3 bean definitions from class path resource [application.xml]
2023-10-12 11:03:15 [main] DEBUG org.springframework.beans.factory.support.DefaultSingletonBeanRegistry - Creating shared instance of singleton bean 'user'
2023-10-12 11:03:15 [main] DEBUG org.springframework.beans.factory.support.DefaultSingletonBeanRegistry - Creating shared instance of singleton bean 'userAspect'
2023-10-12 11:03:15 [main] DEBUG org.springframework.beans.factory.support.DefaultSingletonBeanRegistry - Creating shared instance of singleton bean 'userProxy'
2023-10-12 11:03:15 [main] DEBUG org.springframework.aop.framework.ProxyFactoryBean - Advice has changed; re-caching singleton instance
2023-10-12 11:03:16 [main] DEBUG org.springframework.aop.framework.adapter.ThrowsAdviceInterceptor - Found exception handler method on throws advice: public void org.example.aop.UserAspect.afterThrowing(java.lang.Exception)
2023-10-12 11:03:16 [main] DEBUG org.springframework.aop.framework.adapter.ThrowsAdviceInterceptor - Found exception handler method on throws advice: public void org.example.aop.UserAspect.afterThrowing(java.lang.Exception)
2023-10-12 11:03:16 [main] DEBUG org.springframework.aop.framework.adapter.ThrowsAdviceInterceptor - Found exception handler method on throws advice: public void org.example.aop.UserAspect.afterThrowing(java.lang.Exception)
2023-10-12 11:03:35 [main] DEBUG org.springframework.context.support.AbstractApplicationContext - Refreshing org.springframework.context.support.ClassPathXmlApplicationContext@87f44598
2023-10-12 11:03:35 [main] DEBUG org.springframework.beans.factory.xml.XmlBeanDefinitionReader - Loaded 3 bean definitions from class path resource [application.xml]
2023-10-12 11:03:35 [main] DEBUG org.springframework.beans.factory.support.DefaultSingletonBeanRegistry - Creating shared instance of singleton bean 'user'
2023-10-12 11:03:35 [main] DEBUG org.springframework.beans.factory.support.DefaultSingletonBeanRegistry - Creating shared instance of singleton bean 'userAspect'
2023-10-12 11:03:35 [main] DEBUG org.springframework.beans.factory.support.DefaultSingletonBeanRegistry - Creating shared instance of singleton bean 'userProxy'
2023-10-12 11:03:35 [main] DEBUG org.springframework.aop.framework.ProxyFactoryBean - Advice has changed; re-caching singleton instance
2023-10-12 11:03:35 [main] DEBUG org.springframework.aop.framework.adapter.ThrowsAdviceInterceptor - Found exception handler method on throws advice: public void org.example.aop.UserAspect.afterThrowing(java.lang.Exception)
2023-10-12 11:03:35 [main] DEBUG org.springframework.aop.framework.adapter.ThrowsAdviceInterceptor - Found exception handler method on throws advice: public void org.example.aop.UserAspect.afterThrowing(java.lang.Exception)
2023-10-12 11:03:35 [main] DEBUG org.springframework.aop.framework.adapter.ThrowsAdviceInterceptor - Found exception handler method on throws advice: public void org.example.aop.UserAspect.afterThrowing(java.lang.Exception)
2023-10-12 11:04:02 [main] DEBUG org.springframework.context.support.AbstractApplicationContext - Refreshing org.springframework.context.support.ClassPathXmlApplicationContext@e6a551f5
2023-10-12 11:04:02 [main] DEBUG org.springframework.beans.factory.xml.XmlBeanDefinitionReader - Loaded 3 bean definitions from class path resource [application.xml]
2023-10-12 11:04:02 [main] DEBUG org.springframework.beans.factory.support.DefaultSingletonBeanRegistry - Creating shared instance of singleton bean 'user'
2023-10-12 11:04:02 [main] DEBUG org.springframework.beans.factory.support.DefaultSingletonBeanRegistry - Creating shared instance of singleton bean 'userAspect'
2023-10-12 11:04:02 [main] DEBUG org.springframework.beans.factory.support.DefaultSingletonBeanRegistry - Creating shared instance of singleton bean 'userProxy'
2023-10-12 11:04:02 [main] DEBUG org.springframework.aop.framework.ProxyFactoryBean - Advice has changed; re-caching singleton instance
2023-10-12 11:04:02 [main] DEBUG org.springframework.aop.framework.adapter.ThrowsAdviceInterceptor - Found exception handler method on throws advice: public void org.example.aop.UserAspect.afterThrowing(java.lang.Exception)
2023-10-12 11:04:02 [main] DEBUG org.springframework.aop.framework.adapter.ThrowsAdviceInterceptor - Found exception handler method on throws advice: public void org.example.aop.UserAspect.afterThrowing(java.lang.Exception)
2023-10-12 11:04:02 [main] DEBUG org.springframework.aop.framework.adapter.ThrowsAdviceInterceptor - Found exception handler method on throws advice: public void org.example.aop.UserAspect.afterThrowing(java.lang.Exception)
2023-10-12 11:04:16 [main] DEBUG org.springframework.context.support.AbstractApplicationContext - Refreshing org.springframework.context.support.ClassPathXmlApplicationContext@ab337335
2023-10-12 11:04:16 [main] DEBUG org.springframework.beans.factory.xml.XmlBeanDefinitionReader - Loaded 3 bean definitions from class path resource [application.xml]
2023-10-12 11:04:16 [main] DEBUG org.springframework.beans.factory.support.DefaultSingletonBeanRegistry - Creating shared instance of singleton bean 'user'
2023-10-12 11:04:16 [main] DEBUG org.springframework.beans.factory.support.DefaultSingletonBeanRegistry - Creating shared instance of singleton bean 'userAspect'
2023-10-12 11:04:16 [main] DEBUG org.springframework.beans.factory.support.DefaultSingletonBeanRegistry - Creating shared instance of singleton bean 'userProxy'
2023-10-12 11:04:16 [main] DEBUG org.springframework.aop.framework.ProxyFactoryBean - Advice has changed; re-caching singleton instance
2023-10-12 11:04:16 [main] DEBUG org.springframework.aop.framework.adapter.ThrowsAdviceInterceptor - Found exception handler method on throws advice: public void org.example.aop.UserAspect.afterThrowing(java.lang.Exception)
2023-10-12 11:04:16 [main] DEBUG org.springframework.aop.framework.adapter.ThrowsAdviceInterceptor - Found exception handler method on throws advice: public void org.example.aop.UserAspect.afterThrowing(java.lang.Exception)
2023-10-12 11:04:16 [main] DEBUG org.springframework.aop.framework.adapter.ThrowsAdviceInterceptor - Found exception handler method on throws advice: public void org.example.aop.UserAspect.afterThrowing(java.lang.Exception)
2023-10-12 11:04:16 [main] DEBUG org.springframework.aop.framework.adapter.ThrowsAdviceInterceptor - Found exception handler method on throws advice: public void org.example.aop.UserAspect.afterThrowing(java.lang.Exception)
2023-10-12 11:04:16 [main] INFO org.example.aop.UserAspect - 环绕通知前
2023-10-12 11:04:16 [main] INFO org.example.aop.UserAspect - 环绕通知后
2023-10-12 11:10:24 [main] DEBUG org.springframework.context.support.AbstractApplicationContext - Refreshing org.springframework.context.support.ClassPathXmlApplicationContext@558e01e7
2023-10-12 11:10:24 [main] DEBUG org.springframework.beans.factory.xml.XmlBeanDefinitionReader - Loaded 3 bean definitions from class path resource [application.xml]
2023-10-12 11:10:24 [main] DEBUG org.springframework.beans.factory.support.DefaultSingletonBeanRegistry - Creating shared instance of singleton bean 'user'
2023-10-12 11:10:24 [main] DEBUG org.springframework.beans.factory.support.DefaultSingletonBeanRegistry - Creating shared instance of singleton bean 'userAspect'
2023-10-12 11:10:24 [main] DEBUG org.springframework.beans.factory.support.DefaultSingletonBeanRegistry - Creating shared instance of singleton bean 'userProxy'
2023-10-12 11:10:24 [main] DEBUG org.springframework.aop.framework.ProxyFactoryBean - Advice has changed; re-caching singleton instance
2023-10-12 11:10:24 [main] DEBUG org.springframework.aop.framework.adapter.ThrowsAdviceInterceptor - Found exception handler method on throws advice: public void org.example.aop.UserAspect.afterThrowing(java.lang.Exception)
2023-10-12 11:10:24 [main] DEBUG org.springframework.aop.framework.adapter.ThrowsAdviceInterceptor - Found exception handler method on throws advice: public void org.example.aop.UserAspect.afterThrowing(java.lang.Exception)
2023-10-12 11:10:24 [main] DEBUG org.springframework.aop.framework.adapter.ThrowsAdviceInterceptor - Found exception handler method on throws advice: public void org.example.aop.UserAspect.afterThrowing(java.lang.Exception)
2023-10-12 11:10:24 [main] DEBUG org.springframework.aop.framework.adapter.ThrowsAdviceInterceptor - Found exception handler method on throws advice: public void org.example.aop.UserAspect.afterThrowing(java.lang.Exception)
2023-10-12 11:10:24 [main] INFO org.example.aop.UserAspect - 环绕通知前
2023-10-12 11:10:24 [main] INFO org.example.aop.UserAspect - 环绕通知后
2023-10-12 11:11:07 [main] DEBUG org.springframework.context.support.AbstractApplicationContext - Refreshing org.springframework.context.annotation.AnnotationConfigApplicationContext@4a3f85d0
2023-10-12 11:11:07 [main] DEBUG org.springframework.beans.factory.support.DefaultSingletonBeanRegistry - Creating shared instance of singleton bean 'org.springframework.context.annotation.internalConfigurationAnnotationProcessor'
2023-10-12 11:11:07 [main] DEBUG org.springframework.context.annotation.ClassPathScanningCandidateComponentProvider - Identified candidate component class: file [D:\学习\Java\IDE项目\Spring-study\ch18\target\classes\org\example\User.class]
2023-10-12 11:11:07 [main] DEBUG org.springframework.context.annotation.ClassPathScanningCandidateComponentProvider - Identified candidate component class: file [D:\学习\Java\IDE项目\Spring-study\ch18\target\classes\org\example\aop\UserAspect.class]
2023-10-12 11:11:07 [main] DEBUG org.springframework.beans.factory.support.DefaultSingletonBeanRegistry - Creating shared instance of singleton bean 'org.springframework.context.event.internalEventListenerProcessor'
2023-10-12 11:11:07 [main] DEBUG org.springframework.beans.factory.support.DefaultSingletonBeanRegistry - Creating shared instance of singleton bean 'org.springframework.context.event.internalEventListenerFactory'
2023-10-12 11:11:07 [main] DEBUG org.springframework.beans.factory.support.DefaultSingletonBeanRegistry - Creating shared instance of singleton bean 'org.springframework.context.annotation.internalAutowiredAnnotationProcessor'
2023-10-12 11:11:07 [main] DEBUG org.springframework.beans.factory.support.DefaultSingletonBeanRegistry - Creating shared instance of singleton bean 'org.springframework.context.annotation.internalCommonAnnotationProcessor'
2023-10-12 11:11:07 [main] DEBUG org.springframework.beans.factory.support.DefaultSingletonBeanRegistry - Creating shared instance of singleton bean 'appConfig'
2023-10-12 11:11:07 [main] DEBUG org.springframework.beans.factory.support.DefaultSingletonBeanRegistry - Creating shared instance of singleton bean 'user'
2023-10-12 11:11:07 [main] DEBUG org.springframework.beans.factory.support.DefaultSingletonBeanRegistry - Creating shared instance of singleton bean 'userAspect'
2023-10-12 11:11:07 [main] DEBUG org.springframework.beans.factory.support.DefaultSingletonBeanRegistry - Creating shared instance of singleton bean 'userProxy'
2023-10-12 11:11:08 [main] WARN org.springframework.context.support.AbstractApplicationContext - Exception encountered during context initialization - cancelling refresh attempt: org.springframework.beans.factory.BeanCreationException: Error creating bean with name 'userProxy' defined in org.example.config.AppConfig: Bean instantiation via factory method failed; nested exception is org.springframework.beans.BeanInstantiationException: Failed to instantiate [org.example.User]: Factory method 'userProxy' threw exception; nested exception is java.lang.IllegalStateException: No BeanFactory available anymore (probably due to serialization) - cannot resolve interceptor names [org.example.config.AppConfig]
2023-10-12 11:11:59 [main] DEBUG org.springframework.context.support.AbstractApplicationContext - Refreshing org.springframework.context.annotation.AnnotationConfigApplicationContext@16c26ed
2023-10-12 11:11:59 [main] DEBUG org.springframework.beans.factory.support.DefaultSingletonBeanRegistry - Creating shared instance of singleton bean 'org.springframework.context.annotation.internalConfigurationAnnotationProcessor'
2023-10-12 11:11:59 [main] DEBUG org.springframework.context.annotation.ClassPathScanningCandidateComponentProvider - Identified candidate component class: file [D:\学习\Java\IDE项目\Spring-study\ch18\target\classes\org\example\User.class]
2023-10-12 11:11:59 [main] DEBUG org.springframework.context.annotation.ClassPathScanningCandidateComponentProvider - Identified candidate component class: file [D:\学习\Java\IDE项目\Spring-study\ch18\target\classes\org\example\aop\UserAspect.class]
2023-10-12 11:11:59 [main] DEBUG org.springframework.beans.factory.support.DefaultSingletonBeanRegistry - Creating shared instance of singleton bean 'org.springframework.context.event.internalEventListenerProcessor'
2023-10-12 11:11:59 [main] DEBUG org.springframework.beans.factory.support.DefaultSingletonBeanRegistry - Creating shared instance of singleton bean 'org.springframework.context.event.internalEventListenerFactory'
2023-10-12 11:11:59 [main] DEBUG org.springframework.beans.factory.support.DefaultSingletonBeanRegistry - Creating shared instance of singleton bean 'org.springframework.context.annotation.internalAutowiredAnnotationProcessor'
2023-10-12 11:11:59 [main] DEBUG org.springframework.beans.factory.support.DefaultSingletonBeanRegistry - Creating shared instance of singleton bean 'org.springframework.context.annotation.internalCommonAnnotationProcessor'
2023-10-12 11:11:59 [main] DEBUG org.springframework.beans.factory.support.DefaultSingletonBeanRegistry - Creating shared instance of singleton bean 'appConfig'
2023-10-12 11:11:59 [main] DEBUG org.springframework.beans.factory.support.DefaultSingletonBeanRegistry - Creating shared instance of singleton bean 'user'
2023-10-12 11:11:59 [main] DEBUG org.springframework.beans.factory.support.DefaultSingletonBeanRegistry - Creating shared instance of singleton bean 'userAspect'
2023-10-12 11:11:59 [main] DEBUG org.springframework.beans.factory.support.DefaultSingletonBeanRegistry - Creating shared instance of singleton bean 'userProxy'
2023-10-12 11:11:59 [main] WARN org.springframework.context.support.AbstractApplicationContext - Exception encountered during context initialization - cancelling refresh attempt: org.springframework.beans.factory.BeanCreationException: Error creating bean with name 'userProxy' defined in org.example.config.AppConfig: Bean instantiation via factory method failed; nested exception is org.springframework.beans.BeanInstantiationException: Failed to instantiate [org.example.User]: Factory method 'userProxy' threw exception; nested exception is java.lang.IllegalStateException: No BeanFactory available anymore (probably due to serialization) - cannot resolve interceptor names [org.example.config.AppConfig]
2023-10-12 11:12:22 [main] DEBUG org.springframework.context.support.AbstractApplicationContext - Refreshing org.springframework.context.annotation.AnnotationConfigApplicationContext@2a1a0c2
2023-10-12 11:12:22 [main] DEBUG org.springframework.beans.factory.support.DefaultSingletonBeanRegistry - Creating shared instance of singleton bean 'org.springframework.context.annotation.internalConfigurationAnnotationProcessor'
2023-10-12 11:12:22 [main] DEBUG org.springframework.context.annotation.ClassPathScanningCandidateComponentProvider - Identified candidate component class: file [D:\学习\Java\IDE项目\Spring-study\ch18\target\classes\org\example\User.class]
2023-10-12 11:12:22 [main] DEBUG org.springframework.context.annotation.ClassPathScanningCandidateComponentProvider - Identified candidate component class: file [D:\学习\Java\IDE项目\Spring-study\ch18\target\classes\org\example\aop\UserAspect.class]
2023-10-12 11:12:23 [main] DEBUG org.springframework.beans.factory.support.DefaultSingletonBeanRegistry - Creating shared instance of singleton bean 'org.springframework.context.event.internalEventListenerProcessor'
2023-10-12 11:12:23 [main] DEBUG org.springframework.beans.factory.support.DefaultSingletonBeanRegistry - Creating shared instance of singleton bean 'org.springframework.context.event.internalEventListenerFactory'
2023-10-12 11:12:23 [main] DEBUG org.springframework.beans.factory.support.DefaultSingletonBeanRegistry - Creating shared instance of singleton bean 'org.springframework.context.annotation.internalAutowiredAnnotationProcessor'
2023-10-12 11:12:23 [main] DEBUG org.springframework.beans.factory.support.DefaultSingletonBeanRegistry - Creating shared instance of singleton bean 'org.springframework.context.annotation.internalCommonAnnotationProcessor'
2023-10-12 11:12:23 [main] DEBUG org.springframework.beans.factory.support.DefaultSingletonBeanRegistry - Creating shared instance of singleton bean 'appConfig'
2023-10-12 11:12:23 [main] DEBUG org.springframework.beans.factory.support.DefaultSingletonBeanRegistry - Creating shared instance of singleton bean 'user'
2023-10-12 11:12:23 [main] DEBUG org.springframework.beans.factory.support.DefaultSingletonBeanRegistry - Creating shared instance of singleton bean 'userAspect'
2023-10-12 11:12:23 [main] DEBUG org.springframework.beans.factory.support.DefaultSingletonBeanRegistry - Creating shared instance of singleton bean 'userProxy'
2023-10-12 11:12:23 [main] WARN org.springframework.context.support.AbstractApplicationContext - Exception encountered during context initialization - cancelling refresh attempt: org.springframework.beans.factory.BeanCreationException: Error creating bean with name 'userProxy' defined in org.example.config.AppConfig: Bean instantiation via factory method failed; nested exception is org.springframework.beans.BeanInstantiationException: Failed to instantiate [org.example.User]: Factory method 'userProxy' threw exception; nested exception is java.lang.IllegalStateException: No BeanFactory available anymore (probably due to serialization) - cannot resolve interceptor names [org.example.aop.UserAspect]
2023-10-12 11:13:22 [main] DEBUG org.springframework.context.support.AbstractApplicationContext - Refreshing org.springframework.context.annotation.AnnotationConfigApplicationContext@83e06053
2023-10-12 11:13:22 [main] DEBUG org.springframework.beans.factory.support.DefaultSingletonBeanRegistry - Creating shared instance of singleton bean 'org.springframework.context.annotation.internalConfigurationAnnotationProcessor'
2023-10-12 11:13:22 [main] DEBUG org.springframework.context.annotation.ClassPathScanningCandidateComponentProvider - Identified candidate component class: file [D:\学习\Java\IDE项目\Spring-study\ch18\target\classes\org\example\User.class]
2023-10-12 11:13:22 [main] DEBUG org.springframework.context.annotation.ClassPathScanningCandidateComponentProvider - Identified candidate component class: file [D:\学习\Java\IDE项目\Spring-study\ch18\target\classes\org\example\aop\UserAspect.class]
2023-10-12 11:13:22 [main] DEBUG org.springframework.beans.factory.support.DefaultSingletonBeanRegistry - Creating shared instance of singleton bean 'org.springframework.context.event.internalEventListenerProcessor'
2023-10-12 11:13:22 [main] DEBUG org.springframework.beans.factory.support.DefaultSingletonBeanRegistry - Creating shared instance of singleton bean 'org.springframework.context.event.internalEventListenerFactory'
2023-10-12 11:13:22 [main] DEBUG org.springframework.beans.factory.support.DefaultSingletonBeanRegistry - Creating shared instance of singleton bean 'org.springframework.context.annotation.internalAutowiredAnnotationProcessor'
2023-10-12 11:13:22 [main] DEBUG org.springframework.beans.factory.support.DefaultSingletonBeanRegistry - Creating shared instance of singleton bean 'org.springframework.context.annotation.internalCommonAnnotationProcessor'
2023-10-12 11:13:22 [main] DEBUG org.springframework.beans.factory.support.DefaultSingletonBeanRegistry - Creating shared instance of singleton bean 'appConfig'
2023-10-12 11:13:22 [main] DEBUG org.springframework.beans.factory.support.DefaultSingletonBeanRegistry - Creating shared instance of singleton bean 'user'
2023-10-12 11:13:22 [main] DEBUG org.springframework.beans.factory.support.DefaultSingletonBeanRegistry - Creating shared instance of singleton bean 'userAspect'
2023-10-12 11:13:22 [main] DEBUG org.springframework.beans.factory.support.DefaultSingletonBeanRegistry - Creating shared instance of singleton bean 'userProxy'
2023-10-12 11:13:22 [main] WARN org.springframework.context.support.AbstractApplicationContext - Exception encountered during context initialization - cancelling refresh attempt: org.springframework.beans.factory.BeanCreationException: Error creating bean with name 'userProxy' defined in org.example.config.AppConfig: Bean instantiation via factory method failed; nested exception is org.springframework.beans.BeanInstantiationException: Failed to instantiate [org.example.User]: Factory method 'userProxy' threw exception; nested exception is java.lang.IllegalStateException: No BeanFactory available anymore (probably due to serialization) - cannot resolve interceptor names [org.example.aop.UserAspect]
2023-10-12 11:13:46 [main] DEBUG org.springframework.context.support.AbstractApplicationContext - Refreshing org.springframework.context.annotation.AnnotationConfigApplicationContext@e44c4412
2023-10-12 11:13:46 [main] DEBUG org.springframework.beans.factory.support.DefaultSingletonBeanRegistry - Creating shared instance of singleton bean 'org.springframework.context.annotation.internalConfigurationAnnotationProcessor'
2023-10-12 11:13:46 [main] DEBUG org.springframework.context.annotation.ClassPathScanningCandidateComponentProvider - Identified candidate component class: file [D:\学习\Java\IDE项目\Spring-study\ch18\target\classes\org\example\aop\UserAspect.class]
2023-10-12 11:13:46 [main] DEBUG org.springframework.beans.factory.support.DefaultSingletonBeanRegistry - Creating shared instance of singleton bean 'org.springframework.context.event.internalEventListenerProcessor'
2023-10-12 11:13:46 [main] DEBUG org.springframework.beans.factory.support.DefaultSingletonBeanRegistry - Creating shared instance of singleton bean 'org.springframework.context.event.internalEventListenerFactory'
2023-10-12 11:13:46 [main] DEBUG org.springframework.beans.factory.support.DefaultSingletonBeanRegistry - Creating shared instance of singleton bean 'org.springframework.context.annotation.internalAutowiredAnnotationProcessor'
2023-10-12 11:13:46 [main] DEBUG org.springframework.beans.factory.support.DefaultSingletonBeanRegistry - Creating shared instance of singleton bean 'org.springframework.context.annotation.internalCommonAnnotationProcessor'
2023-10-12 11:13:46 [main] DEBUG org.springframework.beans.factory.support.DefaultSingletonBeanRegistry - Creating shared instance of singleton bean 'appConfig'
2023-10-12 11:13:46 [main] DEBUG org.springframework.beans.factory.support.DefaultSingletonBeanRegistry - Creating shared instance of singleton bean 'userAspect'
2023-10-12 11:13:46 [main] DEBUG org.springframework.beans.factory.support.DefaultSingletonBeanRegistry - Creating shared instance of singleton bean 'userProxy'
2023-10-12 11:13:46 [main] WARN org.springframework.context.support.AbstractApplicationContext - Exception encountered during context initialization - cancelling refresh attempt: org.springframework.beans.factory.BeanCreationException: Error creating bean with name 'userProxy' defined in org.example.config.AppConfig: Bean instantiation via factory method failed; nested exception is org.springframework.beans.BeanInstantiationException: Failed to instantiate [org.example.User]: Factory method 'userProxy' threw exception; nested exception is java.lang.IllegalStateException: No BeanFactory available anymore (probably due to serialization) - cannot resolve interceptor names [org.example.aop.UserAspect]
2023-10-12 11:18:34 [main] DEBUG org.springframework.context.support.AbstractApplicationContext - Refreshing org.springframework.context.support.ClassPathXmlApplicationContext@e5698269
2023-10-12 11:18:34 [main] DEBUG org.springframework.beans.factory.xml.XmlBeanDefinitionReader - Loaded 3 bean definitions from class path resource [application.xml]
2023-10-12 11:18:34 [main] DEBUG org.springframework.beans.factory.support.DefaultSingletonBeanRegistry - Creating shared instance of singleton bean 'user'
2023-10-12 11:18:34 [main] DEBUG org.springframework.beans.factory.support.DefaultSingletonBeanRegistry - Creating shared instance of singleton bean 'userAspect'
2023-10-12 11:18:34 [main] DEBUG org.springframework.beans.factory.support.DefaultSingletonBeanRegistry - Creating shared instance of singleton bean 'userProxy'
2023-10-12 11:18:34 [main] DEBUG org.springframework.aop.framework.ProxyFactoryBean - Advice has changed; re-caching singleton instance
2023-10-12 11:18:34 [main] DEBUG org.springframework.aop.framework.adapter.ThrowsAdviceInterceptor - Found exception handler method on throws advice: public void org.example.aop.UserAspect.afterThrowing(java.lang.Exception)
2023-10-12 11:18:34 [main] DEBUG org.springframework.aop.framework.adapter.ThrowsAdviceInterceptor - Found exception handler method on throws advice: public void org.example.aop.UserAspect.afterThrowing(java.lang.Exception)
2023-10-12 11:18:34 [main] DEBUG org.springframework.aop.framework.adapter.ThrowsAdviceInterceptor - Found exception handler method on throws advice: public void org.example.aop.UserAspect.afterThrowing(java.lang.Exception)
2023-10-12 11:18:34 [main] DEBUG org.springframework.aop.framework.adapter.ThrowsAdviceInterceptor - Found exception handler method on throws advice: public void org.example.aop.UserAspect.afterThrowing(java.lang.Exception)
2023-10-12 11:18:35 [main] INFO org.example.aop.UserAspect - 环绕通知前
2023-10-12 11:18:35 [main] INFO org.example.aop.UserAspect - 环绕通知后
